---
title: oralce 执行计划
categories: DB
tags: 
 - oracle 
 - explain plan
---

## oracle 执行计划  

* 执行：explain plan for sql语句  
* 通过这条sql语句查询 执行计划：select * from table(dbms_xplan.display);  

### oracle 执行计划分析

> 有四个表 t t1、t2、t3  
> 四个表的数据量分别为：149442、3096483、149442、221456  
> 索引：

* left join  
  ```
    explain plan for select t.serialno, t.sterm, t.actualinnerinte,
                        case
                            when t2.repaymentId is not null then
                                t2.repaymentId
                            else
                                t1.customerid
                            end customerId
                 from ph_repayrecord t
                          left join  t1
                                    on t.serialno = t1.serialno
                          left join  t2
                                    on t.serialno = t2.iou_no
                          left join  t3
                                    on t.serialno = t3.serialno
                                        and t.sterm = t3.term
                 where t1.businesstype = '10000'
                   and t1.putoutdate > '2018/01/01'
                   and t.paydate > '2018/01/01'
                   and t.payoffflag = '0'
                   and (t.payoverduecorp > t.actualoverduecorp or t.payinte > t.actualinte)
                   and t3.serialno is null;

    select * from table(dbms_xplan.display);

     Plan hash value: 479860085  --这个是sql语句的hash值  
    -------------------------------------------------------------------------------------------------------
    | Id  | Operation                        | Name               | Rows  | Bytes | Cost (%CPU)| Time     |
    -------------------------------------------------------------------------------------------------------
    |   0 | SELECT STATEMENT                 |                    |    10 |  1500 | 17592   (1)| 00:03:32 |
    |   1 |  NESTED LOOPS OUTER              |                    |    10 |  1500 | 17592   (1)| 00:03:32 |
    |*  2 |   FILTER                         |                    |       |       |            |          |
    |*  3 |    HASH JOIN OUTER               |                    |    10 |  1300 | 17572   (1)| 00:03:31 |
    |   4 |     NESTED LOOPS                 |                    |   953 |   102K| 17160   (1)| 00:03:26 |
    |   5 |      NESTED LOOPS                |                    | 16422 |   102K| 17160   (1)| 00:03:26 |
    |*  6 |       TABLE ACCESS BY INDEX ROWID| t1表回表查询        |   782 | 41446 |   194   (0)| 00:00:03 |
    |*  7 |        INDEX RANGE SCAN          | IDX_t1用上t1表的索引|  1471 |       |     6   (0)| 00:00:01 |
    |*  8 |       INDEX RANGE SCAN           | IDX_t 用上t表的索引 |    21 |       |     2   (0)| 00:00:01 |
    |*  9 |      TABLE ACCESS BY INDEX ROWID | t表回表查询         |     1 |    57 |    22   (0)| 00:00:01 |
    |  10 |     INDEX FAST FULL SCAN         | IDX_t3用上t3表的索引|   212K|  4149K|   411   (1)| 00:00:05 |
    |  11 |   TABLE ACCESS BY INDEX ROWID    | t2表回表查询        |     1 |    20 |     2   (0)| 00:00:01 |
    |* 12 |    INDEX UNIQUE SCAN             | IDX_t2用上t2表的索引|     1 |       |     1   (0)| 00:00:01 |
    -------------------------------------------------------------------------------------------------------


    Predicate Information (identified by operation id):
    ---------------------------------------------------

    2 - filter("T3"."SERIALNO" IS NULL)
    3 - access("T"."STERM"="T3"."TERM"(+) AND "T"."SERIALNO"="T3"."SERIALNO"(+))
    6 - filter("T1"."PUTOUTDATE">'2018/01/01')
    7 - access("T1"."BUSINESSTYPE"='10000')
    8 - access("T"."SERIALNO"="T1"."SERIALNO")
    9 - filter("T"."PAYOFFFLAG"='0' AND "T"."PAYDATE">'2018/01/01' AND 
                ("T"."PAYOVERDUECORP">"T"."ACTUALOVERDUECORP" OR "T"."PAYINTE">"T"."ACTUALINTE"))
    12 - access("T"."SERIALNO"="T2"."IOU_NO"(+))

  ```
  >   * 上述执行计划执行顺序 7 6 8 5 9 4 10 3 2 12 11 1 0  
  >   * TABLE ACCESS BY INDEX ROWID 根据索引回表查询  

  >   * INDEX UNIQUE SCAN 唯一索引扫描，近适应于where条件中等值查询  
  >   * INDEX FAST FULL SCAN 索引快速全扫描，与INDEX FULL SCAN 索引全扫描很相似，但是有几个不同点，索引快速全扫描，可以并行的扫描索引，因为是根据物理存储顺序来扫描的，所以扫描执行的结果不一定有序。  
  >   * INDEX RANGE SCAN 如果扫描的索引是唯一索引，则where语句中可能存在between,< > 等，当扫描的索引不是唯一索引，where语句中等于或者范围查询，都会用到该扫描方式。  
  >   * Full Table Scans, FTS 全表扫描，即访问数据库里的数据时，从第一个区第一个块开始扫描  

  >   * NESTED LOOPS 表连接方式为嵌套循环  
  >   * HASH JOIN（散列连接）使用两个表中较小的表,将on条件中的key 在内存中建立散列表，然后扫描较大的表，找出与散列表匹配的行，如果hash表太大，无法一次构建在内存中，则会分成若干partition写入磁盘，这样就有多一个写得代价，降低效率，所以散列表不宜太大。  
  >   * SORT MERGE JOIN（排序合并连接）是先将关联表的关联列各自做排序，然后从各自的排序表中抽取数据，到另一个排序表中做匹配。因为多了一个排序动作，所以效率也会降低，通常来讲，能够使用merge join的地方，hash join都可以发挥更好的性能,即散列连接的效果都比排序合并连接要好。然而如果行源已经被排过序，在执行排序合并连接时不需要再排序了，这时排序合并连接的性能会优于散列连接。  

* join  

  ```
    explain plan for select t.serialno, t.sterm, t.actualinnerinte,
                        case
                            when t2.repaymentId is not null then
                                t2.repaymentId
                            else
                                t1.customerid
                            end customerId
                 from ph_repayrecord t
                          join  t1
                               on t.serialno = t1.serialno
                          join  t2
                               on t.serialno = t2.iou_no
                          join  t3
                               on t.serialno = t3.serialno
                                   and t.sterm = t3.term
                 where t1.businesstype = '10000'
                   and t1.putoutdate > '2018/01/01'
                   and t.payoffflag = '0'
                   and (t.payoverduecorp > t.actualoverduecorp or t.payinte > t.actualinte)
                   and t3.serialno is null;

    select * from table(dbms_xplan.display);

    Plan hash value: 971604569
 
    -------------------------------------------------------------------------------------------------------
    | Id  | Operation                        | Name               | Rows  | Bytes | Cost (%CPU)| Time     |
    -------------------------------------------------------------------------------------------------------
    |   0 | SELECT STATEMENT                 |                    |     1 |   139 |     0   (0)|          |
    |*  1 |  FILTER                          |                    |       |       |            |          |
    |*  2 |   HASH JOIN                      |                    |  1010 |   137K| 18651   (1)| 00:03:44 |
    |*  3 |    HASH JOIN                     |                    |  1010 |   117K| 18239   (1)| 00:03:39 |
    |   4 |     NESTED LOOPS                 |                    |  1010 | 99990 | 17160   (1)| 00:03:26 |
    |   5 |      NESTED LOOPS                |                    | 16422 | 99990 | 17160   (1)| 00:03:26 |
    |*  6 |       TABLE ACCESS BY INDEX ROWID| t1表回表查询        |   782 | 41446 |   194   (0)| 00:00:03 |
    |*  7 |        INDEX RANGE SCAN          | IDX_t1用上t1表的索引|  1471 |       |     6   (0)| 00:00:01 |
    |*  8 |       INDEX RANGE SCAN           | IDX_t 用上t表的索引 |    21 |       |     2   (0)| 00:00:01 |
    |*  9 |      TABLE ACCESS BY INDEX ROWID | t表回表查询         |     1 |    46 |    22   (0)| 00:00:01 |
    |  10 |     TABLE ACCESS FULL            | t2表全表查询        |   149K|  2918K|  1079   (1)| 00:00:13 |
    |  11 |    INDEX FAST FULL SCAN          | IDX_t3用上t3表的索引|   212K|  4149K|   411   (1)| 00:00:05 |
    -------------------------------------------------------------------------------------------------------

    Predicate Information (identified by operation id):
    ---------------------------------------------------

    1 - filter(NULL IS NOT NULL)
    2 - access("T"."SERIALNO"="T3"."SERIALNO" AND "T"."STERM"="T3"."TERM")
    3 - access("T"."SERIALNO"="T2"."IOU_NO")
    6 - filter("T1"."PUTOUTDATE">'2018/01/01')
    7 - access("T1"."BUSINESSTYPE"='10000')
    8 - access("T"."SERIALNO"="T1"."SERIALNO")
    9 - filter("T"."PAYOFFFLAG"='0' AND ("T"."PAYOVERDUECORP">"T"."ACTUALOVERDUECORP" OR 
                "T"."PAYINTE">"T"."ACTUALINTE"))

  ```

  > 上述执行计划执行顺序 7 6 8 5 9 4 10 3 11 2 1 0  

* where查询
  
  ```
    explain plan for select t.serialno, t.sterm, t.actualinnerinte,
                            case
                                when t2.repaymentId is not null then
                                    t2.repaymentId
                                else
                                    t1.customerid
                                end customerId
                    from ph_repayrecord t
                            join  t1
                                on t.serialno = t1.serialno
                            join  t2
                                on t.serialno = t2.iou_no
                            join  t3
                                on t.serialno = t3.serialno
                                    and t.sterm = t3.term
                    where t1.businesstype = '10000'
                    and t1.putoutdate > '2018/01/01'
                    and t.payoffflag = '0'
                    and (t.payoverduecorp > t.actualoverduecorp or t.payinte > t.actualinte)
                    and t3.serialno is null;

    select * from table(dbms_xplan.display);

    explain plan for select t.serialno, t.sterm, t.actualinnerinte,

    Plan hash value: 971604569

    -------------------------------------------------------------------------------------------------------
    | Id  | Operation                        | Name               | Rows  | Bytes | Cost (%CPU)| Time     |
    -------------------------------------------------------------------------------------------------------
    |   0 | SELECT STATEMENT                 |                    |     1 |   139 |     0   (0)|          |
    |*  1 |  FILTER                          |                    |       |       |            |          |
    |*  2 |   HASH JOIN                      |                    |  1010 |   137K| 18651   (1)| 00:03:44 |
    |*  3 |    HASH JOIN                     |                    |  1010 |   117K| 18239   (1)| 00:03:39 |
    |   4 |     NESTED LOOPS                 |                    |  1010 | 99990 | 17160   (1)| 00:03:26 |
    |   5 |      NESTED LOOPS                |                    | 16422 | 99990 | 17160   (1)| 00:03:26 |
    |*  6 |       TABLE ACCESS BY INDEX ROWID| PH_BALANCEINFO     |   782 | 41446 |   194   (0)| 00:00:03 |
    |*  7 |        INDEX RANGE SCAN          | IDX_BALANCEINFO_04 |  1471 |       |     6   (0)| 00:00:01 |
    |*  8 |       INDEX RANGE SCAN           | PK_REPAYRECORD     |    21 |       |     2   (0)| 00:00:01 |
    |*  9 |      TABLE ACCESS BY INDEX ROWID | PH_REPAYRECORD     |     1 |    46 |    22   (0)| 00:00:01 |
    |  10 |     TABLE ACCESS FULL            | PH_IOUBELONG       |   149K|  2918K|  1079   (1)| 00:00:13 |
    |  11 |    INDEX FAST FULL SCAN          | PH_REPAYFOR_PK     |   212K|  4149K|   411   (1)| 00:00:05 |
    -------------------------------------------------------------------------------------------------------

    Predicate Information (identified by operation id):
    ---------------------------------------------------

    1 - filter(NULL IS NOT NULL)
    2 - access("T"."SERIALNO"="T3"."SERIALNO" AND "T"."STERM"="T3"."TERM")
    3 - access("T"."SERIALNO"="T2"."IOU_NO")
    6 - filter("T1"."PUTOUTDATE">'2018/01/01')
    7 - access("T1"."BUSINESSTYPE"='10000')
    8 - access("T"."SERIALNO"="T1"."SERIALNO")
    9 - filter("T"."PAYOFFFLAG"='0' AND ("T"."PAYOVERDUECORP">"T"."ACTUALOVERDUECORP" OR 
                "T"."PAYINTE">"T"."ACTUALINTE"))

  ```

  > 这个查询跟join的执行计划是一致的，因为他们都是同属inner join  

## 综上所述

* 三个查询语句，从cost和time上考虑选择left join；当然并不是所有的left join的查询效率会高于inner join，主要看关联表的数据量是否很大
